# JRE version: OpenJDK Runtime Environment Microsoft-10800203 (21.0.6+7) (build 21.0.6+7-LTS)
# Java VM: OpenJDK 64-Bit Server VM Microsoft-10800203 (21.0.6+7-LTS, mixed mode, sharing, tiered, compressed oops, compressed class ptrs, g1 gc, windows-amd64)
GC Precious Log:
 CardTable entry size: 512
 Card Set container configuration: InlinePtr #cards 4 size 8 Array Of Cards #cards 16 size 48 Howl #buckets 8 coarsen threshold 3686 Howl Bitmap #cards 512 size 80 coarsen threshold 460 Card regions per heap region 1 cards per card region 4096
 CPUs: 8 total, 8 available
 Memory: 16106M
 Large Page Support: Disabled
 NUMA Support: Disabled
 Compressed Oops: Enabled (Zero based)
 Heap Region Size: 2M
 Heap Min Capacity: 8M
 Heap Initial Capacity: 252M
 Heap Max Capacity: 4028M
 Pre-touch: Disabled
 Parallel Workers: 8
 Concurrent Workers: 2
 Concurrent Refinement Workers: 8
 Periodic GC: Disabled
Heap:
 garbage-first heap   total 92160K, used 69298K [0x0000000704400000, 0x0000000800000000)
  region size 2048K, 17 young (34816K), 2 survivors (4096K)
 Metaspace       used 74898K, committed 75648K, reserved 1114112K
  class space    used 10138K, committed 10496K, reserved 1048576K
GC Heap History (20 events):
Event: 4.462 GC heap before
{Heap before GC invocations=3 (full 0):
 garbage-first heap   total 258048K, used 47776K [0x0000000704400000, 0x0000000800000000)
  region size 2048K, 19 young (38912K), 2 survivors (4096K)
 Metaspace       used 21112K, committed 21504K, reserved 1114112K
  class space    used 2480K, committed 2688K, reserved 1048576K
}
Event: 4.468 GC heap after
{Heap after GC invocations=4 (full 0):
 garbage-first heap   total 258048K, used 20438K [0x0000000704400000, 0x0000000800000000)
  region size 2048K, 4 young (8192K), 4 survivors (8192K)
 Metaspace       used 21112K, committed 21504K, reserved 1114112K
  class space    used 2480K, committed 2688K, reserved 1048576K
}
Event: 5.690 GC heap before
{Heap before GC invocations=5 (full 0):
 garbage-first heap   total 75776K, used 55254K [0x0000000704400000, 0x0000000800000000)
  region size 2048K, 22 young (45056K), 4 survivors (8192K)
 Metaspace       used 24764K, committed 25152K, reserved 1114112K
  class space    used 2970K, committed 3136K, reserved 1048576K
}
Event: 5.699 GC heap after
{Heap after GC invocations=6 (full 0):
 garbage-first heap   total 75776K, used 24121K [0x0000000704400000, 0x0000000800000000)
  region size 2048K, 2 young (4096K), 2 survivors (4096K)
 Metaspace       used 24764K, committed 25152K, reserved 1114112K
  class space    used 2970K, committed 3136K, reserved 1048576K
}
Event: 7.334 GC heap before
{Heap before GC invocations=6 (full 0):
 garbage-first heap   total 75776K, used 56889K [0x0000000704400000, 0x0000000800000000)
  region size 2048K, 18 young (36864K), 2 survivors (4096K)
 Metaspace       used 28094K, committed 28480K, reserved 1114112K
  class space    used 3398K, committed 3584K, reserved 1048576K
}
Event: 7.341 GC heap after
{Heap after GC invocations=7 (full 0):
 garbage-first heap   total 75776K, used 26120K [0x0000000704400000, 0x0000000800000000)
  region size 2048K, 2 young (4096K), 2 survivors (4096K)
 Metaspace       used 28094K, committed 28480K, reserved 1114112K
  class space    used 3398K, committed 3584K, reserved 1048576K
}
Event: 8.652 GC heap before
{Heap before GC invocations=7 (full 0):
 garbage-first heap   total 75776K, used 58888K [0x0000000704400000, 0x0000000800000000)
  region size 2048K, 18 young (36864K), 2 survivors (4096K)
 Metaspace       used 32408K, committed 32896K, reserved 1114112K
  class space    used 4089K, committed 4352K, reserved 1048576K
}
Event: 8.657 GC heap after
{Heap after GC invocations=8 (full 0):
 garbage-first heap   total 75776K, used 28269K [0x0000000704400000, 0x0000000800000000)
  region size 2048K, 3 young (6144K), 3 survivors (6144K)
 Metaspace       used 32408K, committed 32896K, reserved 1114112K
  class space    used 4089K, committed 4352K, reserved 1048576K
}
Event: 9.649 GC heap before
{Heap before GC invocations=8 (full 0):
 garbage-first heap   total 75776K, used 42605K [0x0000000704400000, 0x0000000800000000)
  region size 2048K, 11 young (22528K), 3 survivors (6144K)
 Metaspace       used 35573K, committed 36096K, reserved 1114112K
  class space    used 4569K, committed 4864K, reserved 1048576K
}
Event: 9.656 GC heap after
{Heap after GC invocations=9 (full 0):
 garbage-first heap   total 75776K, used 30158K [0x0000000704400000, 0x0000000800000000)
  region size 2048K, 3 young (6144K), 3 survivors (6144K)
 Metaspace       used 35573K, committed 36096K, reserved 1114112K
  class space    used 4569K, committed 4864K, reserved 1048576K
}
Event: 9.977 GC heap before
{Heap before GC invocations=10 (full 0):
 garbage-first heap   total 75776K, used 56782K [0x0000000704400000, 0x0000000800000000)
  region size 2048K, 17 young (34816K), 3 survivors (6144K)
 Metaspace       used 36470K, committed 36992K, reserved 1114112K
  class space    used 4655K, committed 4928K, reserved 1048576K
}
Event: 9.983 GC heap after
{Heap after GC invocations=11 (full 0):
 garbage-first heap   total 75776K, used 34298K [0x0000000704400000, 0x0000000800000000)
  region size 2048K, 3 young (6144K), 3 survivors (6144K)
 Metaspace       used 36470K, committed 36992K, reserved 1114112K
  class space    used 4655K, committed 4928K, reserved 1048576K
}
Event: 12.181 GC heap before
{Heap before GC invocations=11 (full 0):
 garbage-first heap   total 75776K, used 62970K [0x0000000704400000, 0x0000000800000000)
  region size 2048K, 17 young (34816K), 3 survivors (6144K)
 Metaspace       used 40857K, committed 41472K, reserved 1114112K
  class space    used 5242K, committed 5504K, reserved 1048576K
}
Event: 12.190 GC heap after
{Heap after GC invocations=12 (full 0):
 garbage-first heap   total 92160K, used 35705K [0x0000000704400000, 0x0000000800000000)
  region size 2048K, 2 young (4096K), 2 survivors (4096K)
 Metaspace       used 40857K, committed 41472K, reserved 1114112K
  class space    used 5242K, committed 5504K, reserved 1048576K
}
Event: 14.437 GC heap before
{Heap before GC invocations=12 (full 0):
 garbage-first heap   total 92160K, used 72569K [0x0000000704400000, 0x0000000800000000)
  region size 2048K, 21 young (43008K), 2 survivors (4096K)
 Metaspace       used 51991K, committed 52608K, reserved 1114112K
  class space    used 6824K, committed 7104K, reserved 1048576K
}
Event: 14.442 GC heap after
{Heap after GC invocations=13 (full 0):
 garbage-first heap   total 92160K, used 38502K [0x0000000704400000, 0x0000000800000000)
  region size 2048K, 3 young (6144K), 3 survivors (6144K)
 Metaspace       used 51991K, committed 52608K, reserved 1114112K
  class space    used 6824K, committed 7104K, reserved 1048576K
}
Event: 16.318 GC heap before
{Heap before GC invocations=13 (full 0):
 garbage-first heap   total 92160K, used 61030K [0x0000000704400000, 0x0000000800000000)
  region size 2048K, 16 young (32768K), 3 survivors (6144K)
 Metaspace       used 59891K, committed 60480K, reserved 1114112K
  class space    used 7890K, committed 8192K, reserved 1048576K
}
Event: 16.324 GC heap after
{Heap after GC invocations=14 (full 0):
 garbage-first heap   total 92160K, used 40047K [0x0000000704400000, 0x0000000800000000)
  region size 2048K, 3 young (6144K), 3 survivors (6144K)
 Metaspace       used 59891K, committed 60480K, reserved 1114112K
  class space    used 7890K, committed 8192K, reserved 1048576K
}
Event: 19.257 GC heap before
{Heap before GC invocations=15 (full 0):
 garbage-first heap   total 92160K, used 76911K [0x0000000704400000, 0x0000000800000000)
  region size 2048K, 21 young (43008K), 3 survivors (6144K)
 Metaspace       used 68216K, committed 68928K, reserved 1114112K
  class space    used 9222K, committed 9536K, reserved 1048576K
}
Event: 19.262 GC heap after
{Heap after GC invocations=16 (full 0):
 garbage-first heap   total 92160K, used 42674K [0x0000000704400000, 0x0000000800000000)
  region size 2048K, 2 young (4096K), 2 survivors (4096K)
 Metaspace       used 68216K, committed 68928K, reserved 1114112K
  class space    used 9222K, committed 9536K, reserved 1048576K
}

