# JRE version: OpenJDK Runtime Environment Microsoft-10800203 (21.0.6+7) (build 21.0.6+7-LTS)
# Java VM: OpenJDK 64-Bit Server VM Microsoft-10800203 (21.0.6+7-LTS, mixed mode, sharing, tiered, compressed oops, compressed class ptrs, g1 gc, windows-amd64)
GC Precious Log:
 CardTable entry size: 512
 Card Set container configuration: InlinePtr #cards 4 size 8 Array Of Cards #cards 16 size 48 Howl #buckets 8 coarsen threshold 3686 Howl Bitmap #cards 512 size 80 coarsen threshold 460 Card regions per heap region 1 cards per card region 4096
 CPUs: 8 total, 8 available
 Memory: 16106M
 Large Page Support: Disabled
 NUMA Support: Disabled
 Compressed Oops: Enabled (Zero based)
 Heap Region Size: 2M
 Heap Min Capacity: 8M
 Heap Initial Capacity: 252M
 Heap Max Capacity: 4028M
 Pre-touch: Disabled
 Parallel Workers: 8
 Concurrent Workers: 2
 Concurrent Refinement Workers: 8
 Periodic GC: Disabled
Heap:
 garbage-first heap   total 79872K, used 41410K [0x0000000704400000, 0x0000000800000000)
  region size 2048K, 3 young (6144K), 2 survivors (4096K)
 Metaspace       used 69138K, committed 69888K, reserved 1114112K
  class space    used 9204K, committed 9536K, reserved 1048576K
GC Heap History (20 events):
Event: 3.910 GC heap before
{Heap before GC invocations=3 (full 0):
 garbage-first heap   total 258048K, used 39584K [0x0000000704400000, 0x0000000800000000)
  region size 2048K, 15 young (30720K), 2 survivors (4096K)
 Metaspace       used 21188K, committed 21504K, reserved 1114112K
  class space    used 2534K, committed 2688K, reserved 1048576K
}
Event: 3.915 GC heap after
{Heap after GC invocations=4 (full 0):
 garbage-first heap   total 258048K, used 19625K [0x0000000704400000, 0x0000000800000000)
  region size 2048K, 3 young (6144K), 3 survivors (6144K)
 Metaspace       used 21188K, committed 21504K, reserved 1114112K
  class space    used 2534K, committed 2688K, reserved 1048576K
}
Event: 5.684 GC heap before
{Heap before GC invocations=5 (full 0):
 garbage-first heap   total 69632K, used 68777K [0x0000000704400000, 0x0000000800000000)
  region size 2048K, 27 young (55296K), 3 survivors (6144K)
 Metaspace       used 25118K, committed 25472K, reserved 1114112K
  class space    used 3000K, committed 3136K, reserved 1048576K
}
Event: 5.695 GC heap after
{Heap after GC invocations=6 (full 0):
 garbage-first heap   total 79872K, used 23905K [0x0000000704400000, 0x0000000800000000)
  region size 2048K, 5 young (10240K), 5 survivors (10240K)
 Metaspace       used 25118K, committed 25472K, reserved 1114112K
  class space    used 3000K, committed 3136K, reserved 1048576K
}
Event: 7.148 GC heap before
{Heap before GC invocations=6 (full 0):
 garbage-first heap   total 79872K, used 60769K [0x0000000704400000, 0x0000000800000000)
  region size 2048K, 23 young (47104K), 5 survivors (10240K)
 Metaspace       used 30313K, committed 30656K, reserved 1114112K
  class space    used 3768K, committed 3904K, reserved 1048576K
}
Event: 7.156 GC heap after
{Heap after GC invocations=7 (full 0):
 garbage-first heap   total 79872K, used 25718K [0x0000000704400000, 0x0000000800000000)
  region size 2048K, 2 young (4096K), 2 survivors (4096K)
 Metaspace       used 30313K, committed 30656K, reserved 1114112K
  class space    used 3768K, committed 3904K, reserved 1048576K
}
Event: 8.731 GC heap before
{Heap before GC invocations=7 (full 0):
 garbage-first heap   total 79872K, used 62582K [0x0000000704400000, 0x0000000800000000)
  region size 2048K, 20 young (40960K), 2 survivors (4096K)
 Metaspace       used 35489K, committed 35968K, reserved 1114112K
  class space    used 4536K, committed 4736K, reserved 1048576K
}
Event: 8.737 GC heap after
{Heap after GC invocations=8 (full 0):
 garbage-first heap   total 79872K, used 28745K [0x0000000704400000, 0x0000000800000000)
  region size 2048K, 3 young (6144K), 3 survivors (6144K)
 Metaspace       used 35489K, committed 35968K, reserved 1114112K
  class space    used 4536K, committed 4736K, reserved 1048576K
}
Event: 8.795 GC heap before
{Heap before GC invocations=8 (full 0):
 garbage-first heap   total 79872K, used 30793K [0x0000000704400000, 0x0000000800000000)
  region size 2048K, 5 young (10240K), 3 survivors (6144K)
 Metaspace       used 35947K, committed 36480K, reserved 1114112K
  class space    used 4584K, committed 4864K, reserved 1048576K
}
Event: 8.801 GC heap after
{Heap after GC invocations=9 (full 0):
 garbage-first heap   total 79872K, used 29281K [0x0000000704400000, 0x0000000800000000)
  region size 2048K, 1 young (2048K), 1 survivors (2048K)
 Metaspace       used 35947K, committed 36480K, reserved 1114112K
  class space    used 4584K, committed 4864K, reserved 1048576K
}
Event: 9.239 GC heap before
{Heap before GC invocations=10 (full 0):
 garbage-first heap   total 79872K, used 64097K [0x0000000704400000, 0x0000000800000000)
  region size 2048K, 19 young (38912K), 1 survivors (2048K)
 Metaspace       used 37529K, committed 38016K, reserved 1114112K
  class space    used 4755K, committed 4992K, reserved 1048576K
}
Event: 9.246 GC heap after
{Heap after GC invocations=11 (full 0):
 garbage-first heap   total 79872K, used 32817K [0x0000000704400000, 0x0000000800000000)
  region size 2048K, 3 young (6144K), 3 survivors (6144K)
 Metaspace       used 37529K, committed 38016K, reserved 1114112K
  class space    used 4755K, committed 4992K, reserved 1048576K
}
Event: 10.706 GC heap before
{Heap before GC invocations=11 (full 0):
 garbage-first heap   total 79872K, used 65585K [0x0000000704400000, 0x0000000800000000)
  region size 2048K, 19 young (38912K), 3 survivors (6144K)
 Metaspace       used 44626K, committed 45248K, reserved 1114112K
  class space    used 5789K, committed 6080K, reserved 1048576K
}
Event: 10.715 GC heap after
{Heap after GC invocations=12 (full 0):
 garbage-first heap   total 79872K, used 35887K [0x0000000704400000, 0x0000000800000000)
  region size 2048K, 2 young (4096K), 2 survivors (4096K)
 Metaspace       used 44626K, committed 45248K, reserved 1114112K
  class space    used 5789K, committed 6080K, reserved 1048576K
}
Event: 12.162 GC heap before
{Heap before GC invocations=12 (full 0):
 garbage-first heap   total 79872K, used 64559K [0x0000000704400000, 0x0000000800000000)
  region size 2048K, 16 young (32768K), 2 survivors (4096K)
 Metaspace       used 55209K, committed 55872K, reserved 1114112K
  class space    used 7170K, committed 7488K, reserved 1048576K
}
Event: 12.166 GC heap after
{Heap after GC invocations=13 (full 0):
 garbage-first heap   total 79872K, used 38947K [0x0000000704400000, 0x0000000800000000)
  region size 2048K, 2 young (4096K), 2 survivors (4096K)
 Metaspace       used 55209K, committed 55872K, reserved 1114112K
  class space    used 7170K, committed 7488K, reserved 1048576K
}
Event: 12.815 GC heap before
{Heap before GC invocations=13 (full 0):
 garbage-first heap   total 79872K, used 57379K [0x0000000704400000, 0x0000000800000000)
  region size 2048K, 13 young (26624K), 2 survivors (4096K)
 Metaspace       used 60640K, committed 61248K, reserved 1114112K
  class space    used 7790K, committed 8064K, reserved 1048576K
}
Event: 12.822 GC heap after
{Heap after GC invocations=14 (full 0):
 garbage-first heap   total 79872K, used 40223K [0x0000000704400000, 0x0000000800000000)
  region size 2048K, 1 young (2048K), 1 survivors (2048K)
 Metaspace       used 60640K, committed 61248K, reserved 1114112K
  class space    used 7790K, committed 8064K, reserved 1048576K
}
Event: 15.216 GC heap before
{Heap before GC invocations=15 (full 0):
 garbage-first heap   total 79872K, used 68895K [0x0000000704400000, 0x0000000800000000)
  region size 2048K, 15 young (30720K), 1 survivors (2048K)
 Metaspace       used 69026K, committed 69760K, reserved 1114112K
  class space    used 9194K, committed 9536K, reserved 1048576K
}
Event: 15.219 GC heap after
{Heap after GC invocations=16 (full 0):
 garbage-first heap   total 79872K, used 41410K [0x0000000704400000, 0x0000000800000000)
  region size 2048K, 2 young (4096K), 2 survivors (4096K)
 Metaspace       used 69026K, committed 69760K, reserved 1114112K
  class space    used 9194K, committed 9536K, reserved 1048576K
}

