# JRE version: OpenJDK Runtime Environment Microsoft-10800203 (21.0.6+7) (build 21.0.6+7-LTS)
# Java VM: OpenJDK 64-Bit Server VM Microsoft-10800203 (21.0.6+7-LTS, mixed mode, sharing, tiered, compressed oops, compressed class ptrs, g1 gc, windows-amd64)
GC Precious Log:
 CardTable entry size: 512
 Card Set container configuration: InlinePtr #cards 4 size 8 Array Of Cards #cards 16 size 48 Howl #buckets 8 coarsen threshold 3686 Howl Bitmap #cards 512 size 80 coarsen threshold 460 Card regions per heap region 1 cards per card region 4096
 CPUs: 8 total, 8 available
 Memory: 16106M
 Large Page Support: Disabled
 NUMA Support: Disabled
 Compressed Oops: Enabled (Zero based)
 Heap Region Size: 2M
 Heap Min Capacity: 8M
 Heap Initial Capacity: 252M
 Heap Max Capacity: 4028M
 Pre-touch: Disabled
 Parallel Workers: 8
 Concurrent Workers: 2
 Concurrent Refinement Workers: 8
 Periodic GC: Disabled
Heap:
 garbage-first heap   total 108544K, used 70970K [0x0000000704400000, 0x0000000800000000)
  region size 2048K, 11 young (22528K), 1 survivors (2048K)
 Metaspace       used 99558K, committed 100864K, reserved 1179648K
  class space    used 13140K, committed 13824K, reserved 1048576K
GC Heap History (20 events):
Event: 3807.880 GC heap before
{Heap before GC invocations=30 (full 0):
 garbage-first heap   total 106496K, used 90243K [0x0000000704400000, 0x0000000800000000)
  region size 2048K, 16 young (32768K), 2 survivors (4096K)
 Metaspace       used 99252K, committed 100352K, reserved 1179648K
  class space    used 13303K, committed 13824K, reserved 1048576K
}
Event: 3807.898 GC heap after
{Heap after GC invocations=31 (full 0):
 garbage-first heap   total 106496K, used 62256K [0x0000000704400000, 0x0000000800000000)
  region size 2048K, 1 young (2048K), 1 survivors (2048K)
 Metaspace       used 99252K, committed 100352K, reserved 1179648K
  class space    used 13303K, committed 13824K, reserved 1048576K
}
Event: 4545.165 GC heap before
{Heap before GC invocations=31 (full 0):
 garbage-first heap   total 106496K, used 95024K [0x0000000704400000, 0x0000000800000000)
  region size 2048K, 17 young (34816K), 1 survivors (2048K)
 Metaspace       used 99396K, committed 100480K, reserved 1179648K
  class space    used 13305K, committed 13824K, reserved 1048576K
}
Event: 4545.194 GC heap after
{Heap after GC invocations=32 (full 0):
 garbage-first heap   total 106496K, used 61527K [0x0000000704400000, 0x0000000800000000)
  region size 2048K, 1 young (2048K), 1 survivors (2048K)
 Metaspace       used 99396K, committed 100480K, reserved 1179648K
  class space    used 13305K, committed 13824K, reserved 1048576K
}
Event: 5208.971 GC heap before
{Heap before GC invocations=32 (full 0):
 garbage-first heap   total 106496K, used 94295K [0x0000000704400000, 0x0000000800000000)
  region size 2048K, 17 young (34816K), 1 survivors (2048K)
 Metaspace       used 99476K, committed 100544K, reserved 1179648K
  class space    used 13305K, committed 13824K, reserved 1048576K
}
Event: 5209.005 GC heap after
{Heap after GC invocations=33 (full 0):
 garbage-first heap   total 106496K, used 61692K [0x0000000704400000, 0x0000000800000000)
  region size 2048K, 1 young (2048K), 1 survivors (2048K)
 Metaspace       used 99476K, committed 100544K, reserved 1179648K
  class space    used 13305K, committed 13824K, reserved 1048576K
}
Event: 5949.445 GC heap before
{Heap before GC invocations=34 (full 0):
 garbage-first heap   total 106496K, used 94460K [0x0000000704400000, 0x0000000800000000)
  region size 2048K, 17 young (34816K), 1 survivors (2048K)
 Metaspace       used 99018K, committed 100544K, reserved 1179648K
  class space    used 13146K, committed 13824K, reserved 1048576K
}
Event: 5949.460 GC heap after
{Heap after GC invocations=35 (full 0):
 garbage-first heap   total 106496K, used 61521K [0x0000000704400000, 0x0000000800000000)
  region size 2048K, 1 young (2048K), 1 survivors (2048K)
 Metaspace       used 99018K, committed 100544K, reserved 1179648K
  class space    used 13146K, committed 13824K, reserved 1048576K
}
Event: 6638.698 GC heap before
{Heap before GC invocations=35 (full 0):
 garbage-first heap   total 106496K, used 94289K [0x0000000704400000, 0x0000000800000000)
  region size 2048K, 17 young (34816K), 1 survivors (2048K)
 Metaspace       used 99120K, committed 100608K, reserved 1179648K
  class space    used 13146K, committed 13824K, reserved 1048576K
}
Event: 6638.740 GC heap after
{Heap after GC invocations=36 (full 0):
 garbage-first heap   total 106496K, used 56281K [0x0000000704400000, 0x0000000800000000)
  region size 2048K, 1 young (2048K), 1 survivors (2048K)
 Metaspace       used 99120K, committed 100608K, reserved 1179648K
  class space    used 13146K, committed 13824K, reserved 1048576K
}
Event: 7486.621 GC heap before
{Heap before GC invocations=36 (full 0):
 garbage-first heap   total 106496K, used 95193K [0x0000000704400000, 0x0000000800000000)
  region size 2048K, 20 young (40960K), 1 survivors (2048K)
 Metaspace       used 99223K, committed 100672K, reserved 1179648K
  class space    used 13146K, committed 13824K, reserved 1048576K
}
Event: 7486.636 GC heap after
{Heap after GC invocations=37 (full 0):
 garbage-first heap   total 106496K, used 56364K [0x0000000704400000, 0x0000000800000000)
  region size 2048K, 1 young (2048K), 1 survivors (2048K)
 Metaspace       used 99223K, committed 100672K, reserved 1179648K
  class space    used 13146K, committed 13824K, reserved 1048576K
}
Event: 8335.183 GC heap before
{Heap before GC invocations=37 (full 0):
 garbage-first heap   total 106496K, used 95276K [0x0000000704400000, 0x0000000800000000)
  region size 2048K, 20 young (40960K), 1 survivors (2048K)
 Metaspace       used 99444K, committed 100800K, reserved 1179648K
  class space    used 13146K, committed 13824K, reserved 1048576K
}
Event: 8335.206 GC heap after
{Heap after GC invocations=38 (full 0):
 garbage-first heap   total 106496K, used 56466K [0x0000000704400000, 0x0000000800000000)
  region size 2048K, 1 young (2048K), 1 survivors (2048K)
 Metaspace       used 99444K, committed 100800K, reserved 1179648K
  class space    used 13146K, committed 13824K, reserved 1048576K
}
Event: 10427.992 GC heap before
{Heap before GC invocations=39 (full 0):
 garbage-first heap   total 106496K, used 95378K [0x0000000704400000, 0x0000000800000000)
  region size 2048K, 20 young (40960K), 1 survivors (2048K)
 Metaspace       used 99502K, committed 100800K, reserved 1179648K
  class space    used 13140K, committed 13824K, reserved 1048576K
}
Event: 10428.070 GC heap after
{Heap after GC invocations=40 (full 0):
 garbage-first heap   total 106496K, used 56664K [0x0000000704400000, 0x0000000800000000)
  region size 2048K, 1 young (2048K), 1 survivors (2048K)
 Metaspace       used 99502K, committed 100800K, reserved 1179648K
  class space    used 13140K, committed 13824K, reserved 1048576K
}
Event: 11344.106 GC heap before
{Heap before GC invocations=40 (full 0):
 garbage-first heap   total 106496K, used 95576K [0x0000000704400000, 0x0000000800000000)
  region size 2048K, 20 young (40960K), 1 survivors (2048K)
 Metaspace       used 99518K, committed 100800K, reserved 1179648K
  class space    used 13140K, committed 13824K, reserved 1048576K
}
Event: 11344.212 GC heap after
{Heap after GC invocations=41 (full 0):
 garbage-first heap   total 108544K, used 52442K [0x0000000704400000, 0x0000000800000000)
  region size 2048K, 1 young (2048K), 1 survivors (2048K)
 Metaspace       used 99518K, committed 100800K, reserved 1179648K
  class space    used 13140K, committed 13824K, reserved 1048576K
}
Event: 12246.542 GC heap before
{Heap before GC invocations=41 (full 0):
 garbage-first heap   total 108544K, used 95450K [0x0000000704400000, 0x0000000800000000)
  region size 2048K, 22 young (45056K), 1 survivors (2048K)
 Metaspace       used 99558K, committed 100864K, reserved 1179648K
  class space    used 13140K, committed 13824K, reserved 1048576K
}
Event: 12246.588 GC heap after
{Heap after GC invocations=42 (full 0):
 garbage-first heap   total 108544K, used 52538K [0x0000000704400000, 0x0000000800000000)
  region size 2048K, 1 young (2048K), 1 survivors (2048K)
 Metaspace       used 99558K, committed 100864K, reserved 1179648K
  class space    used 13140K, committed 13824K, reserved 1048576K
}

